0 info it worked if it ends with ok
1 verbose cli [ 'node',
1 verbose cli   '/usr/local/bin/npm',
1 verbose cli   'install',
1 verbose cli   'angular-routes',
1 verbose cli   '--save-dev' ]
2 info using npm@2.1.17
3 info using node@v0.10.22
4 silly cache add args [ 'angular-routes', null ]
5 verbose cache add spec angular-routes
6 silly cache add parsed spec { raw: 'angular-routes',
6 silly cache add   scope: null,
6 silly cache add   name: 'angular-routes',
6 silly cache add   rawSpec: '',
6 silly cache add   spec: '*',
6 silly cache add   type: 'range' }
7 verbose addNamed angular-routes@*
8 silly addNamed semver.valid null
9 silly addNamed semver.validRange *
10 silly addNameRange { name: 'angular-routes', range: '*', hasData: false }
11 silly mapToRegistry name angular-routes
12 silly mapToRegistry using default registry
13 silly mapToRegistry registry https://registry.npmjs.org/
14 silly mapToRegistry uri https://registry.npmjs.org/angular-routes
15 verbose addNameRange registry:https://registry.npmjs.org/angular-routes not in flight; fetching
16 verbose request uri https://registry.npmjs.org/angular-routes
17 verbose request no auth needed
18 info attempt registry request try #1 at 17:52:41
19 verbose request id 18e823b5ec819f0b
20 http request GET https://registry.npmjs.org/angular-routes
21 http 404 https://registry.npmjs.org/angular-routes
22 verbose headers { date: 'Sun, 04 Jan 2015 09:52:44 GMT',
22 verbose headers   server: 'CouchDB/1.5.0 (Erlang OTP/R16B03)',
22 verbose headers   'content-type': 'application/json',
22 verbose headers   'cache-control': 'max-age=0',
22 verbose headers   'content-length': '52',
22 verbose headers   'accept-ranges': 'bytes',
22 verbose headers   via: '1.1 varnish',
22 verbose headers   age: '0',
22 verbose headers   'x-served-by': 'cache-sn87-SIN',
22 verbose headers   'x-cache': 'MISS',
22 verbose headers   'x-cache-hits': '0',
22 verbose headers   'x-timer': 'S1420365163.957559,VS0,VE816',
22 verbose headers   'keep-alive': 'timeout=10, max=50',
22 verbose headers   connection: 'Keep-Alive' }
23 silly get cb [ 404,
23 silly get   { date: 'Sun, 04 Jan 2015 09:52:44 GMT',
23 silly get     server: 'CouchDB/1.5.0 (Erlang OTP/R16B03)',
23 silly get     'content-type': 'application/json',
23 silly get     'cache-control': 'max-age=0',
23 silly get     'content-length': '52',
23 silly get     'accept-ranges': 'bytes',
23 silly get     via: '1.1 varnish',
23 silly get     age: '0',
23 silly get     'x-served-by': 'cache-sn87-SIN',
23 silly get     'x-cache': 'MISS',
23 silly get     'x-cache-hits': '0',
23 silly get     'x-timer': 'S1420365163.957559,VS0,VE816',
23 silly get     'keep-alive': 'timeout=10, max=50',
23 silly get     connection: 'Keep-Alive' } ]
24 verbose stack Error: 404 Not Found: angular-routes
24 verbose stack     at CachingRegistryClient.<anonymous> (/usr/local/lib/node_modules/npm/node_modules/npm-registry-client/lib/request.js:241:14)
24 verbose stack     at Request._callback (/usr/local/lib/node_modules/npm/node_modules/npm-registry-client/lib/request.js:172:14)
24 verbose stack     at Request.self.callback (/usr/local/lib/node_modules/npm/node_modules/request/request.js:373:22)
24 verbose stack     at Request.EventEmitter.emit (events.js:98:17)
24 verbose stack     at Request.<anonymous> (/usr/local/lib/node_modules/npm/node_modules/request/request.js:1318:14)
24 verbose stack     at Request.EventEmitter.emit (events.js:117:20)
24 verbose stack     at IncomingMessage.<anonymous> (/usr/local/lib/node_modules/npm/node_modules/request/request.js:1266:12)
24 verbose stack     at IncomingMessage.EventEmitter.emit (events.js:117:20)
24 verbose stack     at _stream_readable.js:920:16
24 verbose stack     at process._tickCallback (node.js:415:13)
25 verbose statusCode 404
26 verbose pkgid angular-routes
27 verbose cwd /Users/siawyoung/stubs/2048
28 error Darwin 14.0.0
29 error argv "node" "/usr/local/bin/npm" "install" "angular-routes" "--save-dev"
30 error node v0.10.22
31 error npm  v2.1.17
32 error code E404
33 error 404 Not Found: angular-routes
33 error 404
33 error 404 'angular-routes' is not in the npm registry.
33 error 404 You should bug the author to publish it (or use the name yourself!)
33 error 404 It was specified as a dependency of 'angular-2048'
33 error 404
33 error 404 Note that you can also install from a
33 error 404 tarball, folder, http url, or git url.
34 verbose exit [ 1, true ]
